2021-07-11 00:14:56,743 - Default - INFO - PARAMETERS...
2021-07-11 00:14:56,744 - Default - INFO - Namespace(batch_size=32, cuda=True, decay_rate=0.7, epochs=200, exp_name='PointCNN_fast_exp', lr=0.001, momentum=0.9, normal=False, num_points=1024, num_workers=8, optimizer='adam', seed=1)
2021-07-11 00:17:30,403 - Default - INFO - PARAMETERS...
2021-07-11 00:17:30,403 - Default - INFO - Namespace(batch_size=32, cuda=True, decay_rate=0.7, epochs=200, exp_name='PointCNN_fast_exp', lr=0.001, momentum=0.9, normal=False, num_points=1024, num_workers=8, optimizer='adam', seed=1)
2021-07-11 00:20:55,200 - Default - INFO - PARAMETERS...
2021-07-11 00:20:55,202 - Default - INFO - Namespace(batch_size=32, cuda=True, decay_rate=0.7, epochs=200, exp_name='PointCNN_fast_exp', lr=0.001, momentum=0.9, normal=False, num_points=1024, num_workers=8, optimizer='adam', seed=1)
2021-07-11 00:20:59,617 - Default - INFO - No existing model, starting training from scratch...
2021-07-11 00:20:59,617 - Default - INFO - Start training...
2021-07-11 00:20:59,617 - Default - INFO - Epoch 1/200:
2021-07-11 00:29:27,361 - Default - INFO - PARAMETERS...
2021-07-11 00:29:27,361 - Default - INFO - Namespace(batch_size=32, cuda=True, decay_rate=0.7, epochs=200, exp_name='PointCNN_fast_exp', lr=0.001, momentum=0.9, normal=False, num_points=1024, num_workers=8, optimizer='adam', seed=1)
2021-07-11 00:29:31,928 - Default - INFO - No existing model, starting training from scratch...
2021-07-11 00:29:31,928 - Default - INFO - Start training...
2021-07-11 00:29:31,929 - Default - INFO - Epoch 1/200:
2021-07-11 00:33:21,740 - Default - INFO - Train Instance Accuracy: 0.498270
2021-07-11 00:33:50,729 - Default - INFO - Saving model at d:/work/PointClassifier/logs/PointCNN_fast_exp/checkpoints/model.t7
2021-07-11 00:44:14,922 - Default - INFO - PARAMETERS...
2021-07-11 00:44:14,922 - Default - INFO - Namespace(batch_size=32, cuda=True, decay_rate=0.7, epochs=200, exp_name='PointCNN_fast_exp', lr=0.001, momentum=0.9, normal=False, num_points=1024, num_workers=8, optimizer='adam', seed=1)
2021-07-11 00:44:19,615 - Default - INFO - No existing model, starting training from scratch...
2021-07-11 00:44:19,615 - Default - INFO - Start training...
2021-07-11 00:44:19,615 - Default - INFO - Epoch 1/200:
2021-07-11 00:48:14,284 - Default - INFO - Train Instance Accuracy: 0.508754
2021-07-11 00:48:44,611 - Default - INFO - Saving model at d:/work/PointClassifier/logs/PointCNN_fast_exp/checkpoints/model.t7
2021-07-11 00:48:44,703 - Default - INFO - Saving best model at d:/work/PointClassifier/logs/PointCNN_fast_exp/checkpoints/best_model.t7
2021-07-11 00:48:44,746 - Default - INFO - Test Instance Accuracy: 0.555511, Class Accuracy: 0.477756
2021-07-11 00:48:44,746 - Default - INFO - Best Instance Accuracy: 0.555511, Class Accuracy: 0.477756
2021-07-11 00:48:44,746 - Default - INFO - Epoch 2/200:
2021-07-11 01:27:20,219 - Default - INFO - PARAMETERS...
2021-07-11 01:27:20,220 - Default - INFO - Namespace(batch_size=32, cuda=True, decay_rate=0.7, epochs=200, exp_name='PointCNN_fast_exp', lr=0.001, momentum=0.9, normal=False, num_points=1024, num_workers=8, optimizer='adam', seed=1)
2021-07-11 01:27:24,485 - Default - INFO - Use pretrain model
2021-07-11 01:27:24,485 - Default - INFO - Start training...
2021-07-11 01:27:24,486 - Default - INFO - Epoch 2/200:
2021-07-11 01:31:11,674 - Default - INFO - Train Instance Accuracy: 0.699919
2021-07-11 01:31:40,198 - Default - INFO - Saving model at d:/work/PointClassifier/logs/PointCNN_fast_exp/checkpoints/model.t7
2021-07-11 01:31:40,294 - Default - INFO - Saving best model at d:/work/PointClassifier/logs/PointCNN_fast_exp/checkpoints/best_model.t7
2021-07-11 01:31:40,328 - Default - INFO - Test Instance Accuracy: 0.669368, Class Accuracy: 0.570907
2021-07-11 01:31:40,328 - Default - INFO - Best Instance Accuracy: 0.669368, Class Accuracy: 0.570907
2021-07-11 01:31:40,328 - Default - INFO - Epoch 3/200:
2021-07-11 01:35:29,576 - Default - INFO - Train Instance Accuracy: 0.744910
2021-07-11 01:35:58,139 - Default - INFO - Saving model at d:/work/PointClassifier/logs/PointCNN_fast_exp/checkpoints/model.t7
2021-07-11 01:35:58,230 - Default - INFO - Saving best model at d:/work/PointClassifier/logs/PointCNN_fast_exp/checkpoints/best_model.t7
2021-07-11 01:35:58,264 - Default - INFO - Test Instance Accuracy: 0.678282, Class Accuracy: 0.612256
2021-07-11 01:35:58,265 - Default - INFO - Best Instance Accuracy: 0.678282, Class Accuracy: 0.612256
2021-07-11 01:35:58,265 - Default - INFO - Epoch 4/200:
2021-07-11 01:39:49,995 - Default - INFO - Train Instance Accuracy: 0.778298
2021-07-11 01:40:16,816 - Default - INFO - Saving model at d:/work/PointClassifier/logs/PointCNN_fast_exp/checkpoints/model.t7
2021-07-11 01:40:16,897 - Default - INFO - Saving best model at d:/work/PointClassifier/logs/PointCNN_fast_exp/checkpoints/best_model.t7
2021-07-11 01:40:16,932 - Default - INFO - Test Instance Accuracy: 0.731767, Class Accuracy: 0.656064
2021-07-11 01:40:16,932 - Default - INFO - Best Instance Accuracy: 0.731767, Class Accuracy: 0.656064
2021-07-11 01:40:16,933 - Default - INFO - Epoch 5/200:
2021-07-11 01:43:49,941 - Default - INFO - Train Instance Accuracy: 0.799980
2021-07-11 01:44:17,559 - Default - INFO - Saving model at d:/work/PointClassifier/logs/PointCNN_fast_exp/checkpoints/model.t7
2021-07-11 01:44:17,637 - Default - INFO - Saving best model at d:/work/PointClassifier/logs/PointCNN_fast_exp/checkpoints/best_model.t7
2021-07-11 01:44:17,673 - Default - INFO - Test Instance Accuracy: 0.736629, Class Accuracy: 0.650651
2021-07-11 01:44:17,673 - Default - INFO - Best Instance Accuracy: 0.736629, Class Accuracy: 0.656064
2021-07-11 01:44:17,674 - Default - INFO - Epoch 6/200:
2021-07-11 01:48:09,458 - Default - INFO - Train Instance Accuracy: 0.821458
2021-07-11 01:48:38,874 - Default - INFO - Saving model at d:/work/PointClassifier/logs/PointCNN_fast_exp/checkpoints/model.t7
2021-07-11 01:48:38,956 - Default - INFO - Saving best model at d:/work/PointClassifier/logs/PointCNN_fast_exp/checkpoints/best_model.t7
2021-07-11 01:48:38,993 - Default - INFO - Test Instance Accuracy: 0.747164, Class Accuracy: 0.651703
2021-07-11 01:48:38,993 - Default - INFO - Best Instance Accuracy: 0.747164, Class Accuracy: 0.656064
2021-07-11 01:48:38,993 - Default - INFO - Epoch 7/200:
2021-07-11 01:52:31,180 - Default - INFO - Train Instance Accuracy: 0.836523
2021-07-11 01:53:02,049 - Default - INFO - Test Instance Accuracy: 0.725689, Class Accuracy: 0.670866
2021-07-11 01:53:02,050 - Default - INFO - Best Instance Accuracy: 0.747164, Class Accuracy: 0.670866
2021-07-11 01:53:02,050 - Default - INFO - Epoch 8/200:
2021-07-11 01:56:50,533 - Default - INFO - Train Instance Accuracy: 0.850061
2021-07-11 01:57:19,089 - Default - INFO - Test Instance Accuracy: 0.745948, Class Accuracy: 0.688215
2021-07-11 01:57:19,089 - Default - INFO - Best Instance Accuracy: 0.747164, Class Accuracy: 0.688215
2021-07-11 01:57:19,090 - Default - INFO - Epoch 9/200:
2021-07-11 02:01:05,491 - Default - INFO - Train Instance Accuracy: 0.864617
2021-07-11 02:01:33,875 - Default - INFO - Saving model at d:/work/PointClassifier/logs/PointCNN_fast_exp/checkpoints/model.t7
2021-07-11 02:01:33,963 - Default - INFO - Saving best model at d:/work/PointClassifier/logs/PointCNN_fast_exp/checkpoints/best_model.t7
2021-07-11 02:01:33,996 - Default - INFO - Test Instance Accuracy: 0.772285, Class Accuracy: 0.687483
2021-07-11 02:01:33,997 - Default - INFO - Best Instance Accuracy: 0.772285, Class Accuracy: 0.688215
2021-07-11 02:01:33,997 - Default - INFO - Epoch 10/200:
2021-07-11 02:05:21,133 - Default - INFO - Train Instance Accuracy: 0.869910
2021-07-11 02:05:50,502 - Default - INFO - Saving model at d:/work/PointClassifier/logs/PointCNN_fast_exp/checkpoints/model.t7
2021-07-11 02:05:50,582 - Default - INFO - Test Instance Accuracy: 0.750405, Class Accuracy: 0.676308
2021-07-11 02:05:50,582 - Default - INFO - Best Instance Accuracy: 0.772285, Class Accuracy: 0.688215
2021-07-11 02:05:50,583 - Default - INFO - Epoch 11/200:
2021-07-11 02:09:37,989 - Default - INFO - Train Instance Accuracy: 0.870216
2021-07-11 02:10:07,669 - Default - INFO - Test Instance Accuracy: 0.758104, Class Accuracy: 0.690145
2021-07-11 02:10:07,669 - Default - INFO - Best Instance Accuracy: 0.772285, Class Accuracy: 0.690145
2021-07-11 02:10:07,670 - Default - INFO - Epoch 12/200:
2021-07-11 02:13:53,300 - Default - INFO - Train Instance Accuracy: 0.882125
2021-07-11 02:14:19,342 - Default - INFO - Test Instance Accuracy: 0.724878, Class Accuracy: 0.668297
2021-07-11 02:14:19,342 - Default - INFO - Best Instance Accuracy: 0.772285, Class Accuracy: 0.690145
2021-07-11 02:14:19,342 - Default - INFO - Epoch 13/200:
2021-07-11 02:17:48,040 - Default - INFO - Train Instance Accuracy: 0.890065
2021-07-11 02:18:14,582 - Default - INFO - Test Instance Accuracy: 0.745948, Class Accuracy: 0.682674
2021-07-11 02:18:14,582 - Default - INFO - Best Instance Accuracy: 0.772285, Class Accuracy: 0.690145
2021-07-11 02:18:14,582 - Default - INFO - Epoch 14/200:
2021-07-11 02:21:43,790 - Default - INFO - Train Instance Accuracy: 0.888131
2021-07-11 02:22:10,459 - Default - INFO - Test Instance Accuracy: 0.750405, Class Accuracy: 0.695174
2021-07-11 02:22:10,459 - Default - INFO - Best Instance Accuracy: 0.772285, Class Accuracy: 0.695174
2021-07-11 02:22:10,460 - Default - INFO - Epoch 15/200:
2021-07-11 02:25:40,105 - Default - INFO - Train Instance Accuracy: 0.897801
2021-07-11 02:26:06,857 - Default - INFO - Test Instance Accuracy: 0.744327, Class Accuracy: 0.686727
2021-07-11 02:26:06,857 - Default - INFO - Best Instance Accuracy: 0.772285, Class Accuracy: 0.695174
2021-07-11 02:26:06,858 - Default - INFO - Epoch 16/200:
2021-07-11 02:29:36,461 - Default - INFO - Train Instance Accuracy: 0.896173
2021-07-11 02:30:03,156 - Default - INFO - Test Instance Accuracy: 0.742707, Class Accuracy: 0.668616
2021-07-11 02:30:03,156 - Default - INFO - Best Instance Accuracy: 0.772285, Class Accuracy: 0.695174
2021-07-11 02:30:03,156 - Default - INFO - Epoch 17/200:
2021-07-11 02:33:32,766 - Default - INFO - Train Instance Accuracy: 0.905945
2021-07-11 02:33:59,601 - Default - INFO - Test Instance Accuracy: 0.724878, Class Accuracy: 0.668174
2021-07-11 02:33:59,601 - Default - INFO - Best Instance Accuracy: 0.772285, Class Accuracy: 0.695174
2021-07-11 02:33:59,601 - Default - INFO - Epoch 18/200:
2021-07-11 02:37:29,294 - Default - INFO - Train Instance Accuracy: 0.905843
2021-07-11 02:37:56,200 - Default - INFO - Test Instance Accuracy: 0.694084, Class Accuracy: 0.612913
2021-07-11 02:37:56,201 - Default - INFO - Best Instance Accuracy: 0.772285, Class Accuracy: 0.695174
2021-07-11 02:37:56,201 - Default - INFO - Epoch 19/200:
2021-07-11 02:41:25,825 - Default - INFO - Train Instance Accuracy: 0.910831
2021-07-11 02:41:52,340 - Default - INFO - Test Instance Accuracy: 0.732577, Class Accuracy: 0.662901
2021-07-11 02:41:52,341 - Default - INFO - Best Instance Accuracy: 0.772285, Class Accuracy: 0.695174
2021-07-11 02:41:52,341 - Default - INFO - Epoch 20/200:
2021-07-11 02:45:21,292 - Default - INFO - Train Instance Accuracy: 0.913986
2021-07-11 02:45:47,576 - Default - INFO - Saving model at d:/work/PointClassifier/logs/PointCNN_fast_exp/checkpoints/model.t7
2021-07-11 02:45:47,655 - Default - INFO - Test Instance Accuracy: 0.735008, Class Accuracy: 0.661599
2021-07-11 02:45:47,655 - Default - INFO - Best Instance Accuracy: 0.772285, Class Accuracy: 0.695174
2021-07-11 02:45:47,655 - Default - INFO - Epoch 21/200:
2021-07-11 02:49:16,340 - Default - INFO - Train Instance Accuracy: 0.927728
2021-07-11 02:49:42,695 - Default - INFO - Test Instance Accuracy: 0.743517, Class Accuracy: 0.670302
2021-07-11 02:49:42,696 - Default - INFO - Best Instance Accuracy: 0.772285, Class Accuracy: 0.695174
2021-07-11 02:49:42,696 - Default - INFO - Epoch 22/200:
2021-07-11 02:53:12,104 - Default - INFO - Train Instance Accuracy: 0.929357
2021-07-11 02:53:39,029 - Default - INFO - Test Instance Accuracy: 0.743517, Class Accuracy: 0.668837
2021-07-11 02:53:39,029 - Default - INFO - Best Instance Accuracy: 0.772285, Class Accuracy: 0.695174
2021-07-11 02:53:39,029 - Default - INFO - Epoch 23/200:
2021-07-11 02:57:08,715 - Default - INFO - Train Instance Accuracy: 0.932614
2021-07-11 02:57:35,488 - Default - INFO - Test Instance Accuracy: 0.745543, Class Accuracy: 0.679797
2021-07-11 02:57:35,488 - Default - INFO - Best Instance Accuracy: 0.772285, Class Accuracy: 0.695174
2021-07-11 02:57:35,488 - Default - INFO - Epoch 24/200:
2021-07-11 03:01:05,525 - Default - INFO - Train Instance Accuracy: 0.939536
2021-07-11 03:01:32,282 - Default - INFO - Test Instance Accuracy: 0.737034, Class Accuracy: 0.661517
2021-07-11 03:01:32,283 - Default - INFO - Best Instance Accuracy: 0.772285, Class Accuracy: 0.695174
2021-07-11 03:01:32,283 - Default - INFO - Epoch 25/200:
2021-07-11 03:05:01,568 - Default - INFO - Train Instance Accuracy: 0.939332
2021-07-11 03:05:28,468 - Default - INFO - Test Instance Accuracy: 0.730956, Class Accuracy: 0.662599
2021-07-11 03:05:28,469 - Default - INFO - Best Instance Accuracy: 0.772285, Class Accuracy: 0.695174
2021-07-11 03:05:28,469 - Default - INFO - Epoch 26/200:
2021-07-11 03:08:57,026 - Default - INFO - Train Instance Accuracy: 0.940147
2021-07-11 03:09:23,543 - Default - INFO - Test Instance Accuracy: 0.744733, Class Accuracy: 0.687849
2021-07-11 03:09:23,544 - Default - INFO - Best Instance Accuracy: 0.772285, Class Accuracy: 0.695174
2021-07-11 03:09:23,544 - Default - INFO - Epoch 27/200:
2021-07-11 03:12:52,887 - Default - INFO - Train Instance Accuracy: 0.940961
2021-07-11 03:13:19,565 - Default - INFO - Test Instance Accuracy: 0.723258, Class Accuracy: 0.663907
2021-07-11 03:13:19,565 - Default - INFO - Best Instance Accuracy: 0.772285, Class Accuracy: 0.695174
2021-07-11 03:13:19,566 - Default - INFO - Epoch 28/200:
2021-07-11 03:16:48,841 - Default - INFO - Train Instance Accuracy: 0.944320
2021-07-11 03:17:15,706 - Default - INFO - Test Instance Accuracy: 0.743922, Class Accuracy: 0.669605
2021-07-11 03:17:15,707 - Default - INFO - Best Instance Accuracy: 0.772285, Class Accuracy: 0.695174
2021-07-11 03:17:15,707 - Default - INFO - Epoch 29/200:
2021-07-11 03:20:45,113 - Default - INFO - Train Instance Accuracy: 0.943811
2021-07-11 03:21:11,832 - Default - INFO - Test Instance Accuracy: 0.735413, Class Accuracy: 0.665477
2021-07-11 03:21:11,833 - Default - INFO - Best Instance Accuracy: 0.772285, Class Accuracy: 0.695174
2021-07-11 03:21:11,833 - Default - INFO - Epoch 30/200:
2021-07-11 03:24:41,314 - Default - INFO - Train Instance Accuracy: 0.942793
2021-07-11 03:25:08,091 - Default - INFO - Saving model at d:/work/PointClassifier/logs/PointCNN_fast_exp/checkpoints/model.t7
2021-07-11 03:25:08,176 - Default - INFO - Test Instance Accuracy: 0.738655, Class Accuracy: 0.674535
2021-07-11 03:25:08,177 - Default - INFO - Best Instance Accuracy: 0.772285, Class Accuracy: 0.695174
2021-07-11 03:25:08,177 - Default - INFO - Epoch 31/200:
2021-07-11 03:28:37,718 - Default - INFO - Train Instance Accuracy: 0.946865
2021-07-11 03:29:04,717 - Default - INFO - Test Instance Accuracy: 0.737439, Class Accuracy: 0.686843
2021-07-11 03:29:04,718 - Default - INFO - Best Instance Accuracy: 0.772285, Class Accuracy: 0.695174
2021-07-11 03:29:04,718 - Default - INFO - Epoch 32/200:
2021-07-11 03:32:34,384 - Default - INFO - Train Instance Accuracy: 0.943607
2021-07-11 03:33:02,153 - Default - INFO - Test Instance Accuracy: 0.742707, Class Accuracy: 0.683640
2021-07-11 03:33:02,153 - Default - INFO - Best Instance Accuracy: 0.772285, Class Accuracy: 0.695174
2021-07-11 03:33:02,154 - Default - INFO - Epoch 33/200:
2021-07-11 03:36:33,311 - Default - INFO - Train Instance Accuracy: 0.943404
2021-07-11 03:37:00,208 - Default - INFO - Test Instance Accuracy: 0.717585, Class Accuracy: 0.653849
2021-07-11 03:37:00,209 - Default - INFO - Best Instance Accuracy: 0.772285, Class Accuracy: 0.695174
2021-07-11 03:37:00,209 - Default - INFO - Epoch 34/200:
2021-07-11 03:40:29,927 - Default - INFO - Train Instance Accuracy: 0.945440
2021-07-11 03:40:56,920 - Default - INFO - Test Instance Accuracy: 0.746759, Class Accuracy: 0.682581
2021-07-11 03:40:56,921 - Default - INFO - Best Instance Accuracy: 0.772285, Class Accuracy: 0.695174
2021-07-11 03:40:56,921 - Default - INFO - Epoch 35/200:
2021-07-11 03:44:26,270 - Default - INFO - Train Instance Accuracy: 0.945949
2021-07-11 03:44:53,041 - Default - INFO - Test Instance Accuracy: 0.743112, Class Accuracy: 0.683517
2021-07-11 03:44:53,042 - Default - INFO - Best Instance Accuracy: 0.772285, Class Accuracy: 0.695174
2021-07-11 03:44:53,042 - Default - INFO - Epoch 36/200:
2021-07-11 03:48:21,565 - Default - INFO - Train Instance Accuracy: 0.953583
2021-07-11 03:48:47,760 - Default - INFO - Test Instance Accuracy: 0.726094, Class Accuracy: 0.660895
2021-07-11 03:48:47,761 - Default - INFO - Best Instance Accuracy: 0.772285, Class Accuracy: 0.695174
2021-07-11 03:48:47,761 - Default - INFO - Epoch 37/200:
2021-07-11 03:52:16,481 - Default - INFO - Train Instance Accuracy: 0.947883
2021-07-11 03:52:43,560 - Default - INFO - Test Instance Accuracy: 0.736224, Class Accuracy: 0.670349
2021-07-11 03:52:43,560 - Default - INFO - Best Instance Accuracy: 0.772285, Class Accuracy: 0.695174
2021-07-11 03:52:43,560 - Default - INFO - Epoch 38/200:
2021-07-11 03:56:13,167 - Default - INFO - Train Instance Accuracy: 0.953074
2021-07-11 03:56:39,882 - Default - INFO - Test Instance Accuracy: 0.726094, Class Accuracy: 0.648064
2021-07-11 03:56:39,883 - Default - INFO - Best Instance Accuracy: 0.772285, Class Accuracy: 0.695174
2021-07-11 03:56:39,883 - Default - INFO - Epoch 39/200:
2021-07-11 04:00:09,823 - Default - INFO - Train Instance Accuracy: 0.949002
2021-07-11 04:00:36,548 - Default - INFO - Test Instance Accuracy: 0.723663, Class Accuracy: 0.668157
2021-07-11 04:00:36,548 - Default - INFO - Best Instance Accuracy: 0.772285, Class Accuracy: 0.695174
2021-07-11 04:00:36,548 - Default - INFO - Epoch 40/200:
2021-07-11 04:04:06,045 - Default - INFO - Train Instance Accuracy: 0.953481
2021-07-11 04:04:32,393 - Default - INFO - Saving model at d:/work/PointClassifier/logs/PointCNN_fast_exp/checkpoints/model.t7
2021-07-11 04:04:32,470 - Default - INFO - Test Instance Accuracy: 0.731361, Class Accuracy: 0.671634
2021-07-11 04:04:32,471 - Default - INFO - Best Instance Accuracy: 0.772285, Class Accuracy: 0.695174
2021-07-11 04:04:32,471 - Default - INFO - Epoch 41/200:
2021-07-11 04:08:01,308 - Default - INFO - Train Instance Accuracy: 0.958367
2021-07-11 04:08:28,097 - Default - INFO - Test Instance Accuracy: 0.750000, Class Accuracy: 0.685000
2021-07-11 04:08:28,097 - Default - INFO - Best Instance Accuracy: 0.772285, Class Accuracy: 0.695174
2021-07-11 04:08:28,097 - Default - INFO - Epoch 42/200:
2021-07-11 04:11:57,733 - Default - INFO - Train Instance Accuracy: 0.963966
2021-07-11 04:12:25,360 - Default - INFO - Test Instance Accuracy: 0.757699, Class Accuracy: 0.689512
2021-07-11 04:12:25,360 - Default - INFO - Best Instance Accuracy: 0.772285, Class Accuracy: 0.695174
2021-07-11 04:12:25,361 - Default - INFO - Epoch 43/200:
2021-07-11 04:15:55,188 - Default - INFO - Train Instance Accuracy: 0.961319
2021-07-11 04:16:22,066 - Default - INFO - Test Instance Accuracy: 0.743922, Class Accuracy: 0.666041
2021-07-11 04:16:22,066 - Default - INFO - Best Instance Accuracy: 0.772285, Class Accuracy: 0.695174
2021-07-11 04:16:22,066 - Default - INFO - Epoch 44/200:
2021-07-11 04:19:51,027 - Default - INFO - Train Instance Accuracy: 0.963253
2021-07-11 04:20:17,634 - Default - INFO - Test Instance Accuracy: 0.736629, Class Accuracy: 0.664965
2021-07-11 04:20:17,635 - Default - INFO - Best Instance Accuracy: 0.772285, Class Accuracy: 0.695174
2021-07-11 04:20:17,635 - Default - INFO - Epoch 45/200:
2021-07-11 04:23:46,829 - Default - INFO - Train Instance Accuracy: 0.964169
2021-07-11 04:24:13,534 - Default - INFO - Test Instance Accuracy: 0.744327, Class Accuracy: 0.681227
2021-07-11 04:24:13,534 - Default - INFO - Best Instance Accuracy: 0.772285, Class Accuracy: 0.695174
2021-07-11 04:24:13,535 - Default - INFO - Epoch 46/200:
2021-07-11 04:27:42,718 - Default - INFO - Train Instance Accuracy: 0.966409
2021-07-11 04:28:09,666 - Default - INFO - Test Instance Accuracy: 0.743922, Class Accuracy: 0.666390
2021-07-11 04:28:09,667 - Default - INFO - Best Instance Accuracy: 0.772285, Class Accuracy: 0.695174
2021-07-11 04:28:09,667 - Default - INFO - Epoch 47/200:
2021-07-11 04:31:38,784 - Default - INFO - Train Instance Accuracy: 0.964577
2021-07-11 04:32:05,501 - Default - INFO - Test Instance Accuracy: 0.742707, Class Accuracy: 0.676849
2021-07-11 04:32:05,501 - Default - INFO - Best Instance Accuracy: 0.772285, Class Accuracy: 0.695174
2021-07-11 04:32:05,501 - Default - INFO - Epoch 48/200:
2021-07-11 04:35:34,658 - Default - INFO - Train Instance Accuracy: 0.968750
2021-07-11 04:36:01,334 - Default - INFO - Test Instance Accuracy: 0.747569, Class Accuracy: 0.684977
2021-07-11 04:36:01,334 - Default - INFO - Best Instance Accuracy: 0.772285, Class Accuracy: 0.695174
2021-07-11 04:36:01,335 - Default - INFO - Epoch 49/200:
2021-07-11 04:39:30,676 - Default - INFO - Train Instance Accuracy: 0.967121
2021-07-11 04:39:57,690 - Default - INFO - Test Instance Accuracy: 0.745948, Class Accuracy: 0.679355
2021-07-11 04:39:57,690 - Default - INFO - Best Instance Accuracy: 0.772285, Class Accuracy: 0.695174
2021-07-11 04:39:57,691 - Default - INFO - Epoch 50/200:
2021-07-11 04:43:26,724 - Default - INFO - Train Instance Accuracy: 0.967834
2021-07-11 04:43:53,233 - Default - INFO - Saving model at d:/work/PointClassifier/logs/PointCNN_fast_exp/checkpoints/model.t7
2021-07-11 04:43:53,319 - Default - INFO - Test Instance Accuracy: 0.737034, Class Accuracy: 0.679198
2021-07-11 04:43:53,319 - Default - INFO - Best Instance Accuracy: 0.772285, Class Accuracy: 0.695174
2021-07-11 04:43:53,319 - Default - INFO - Epoch 51/200:
2021-07-11 04:47:21,775 - Default - INFO - Train Instance Accuracy: 0.964068
2021-07-11 04:47:47,908 - Default - INFO - Test Instance Accuracy: 0.750405, Class Accuracy: 0.688471
2021-07-11 04:47:47,908 - Default - INFO - Best Instance Accuracy: 0.772285, Class Accuracy: 0.695174
2021-07-11 04:47:47,908 - Default - INFO - Epoch 52/200:
2021-07-11 04:51:16,554 - Default - INFO - Train Instance Accuracy: 0.968648
2021-07-11 04:51:43,130 - Default - INFO - Test Instance Accuracy: 0.741491, Class Accuracy: 0.666930
2021-07-11 04:51:43,130 - Default - INFO - Best Instance Accuracy: 0.772285, Class Accuracy: 0.695174
2021-07-11 04:51:43,130 - Default - INFO - Epoch 53/200:
2021-07-11 04:55:12,387 - Default - INFO - Train Instance Accuracy: 0.965289
2021-07-11 04:55:39,200 - Default - INFO - Test Instance Accuracy: 0.749595, Class Accuracy: 0.684680
2021-07-11 04:55:39,201 - Default - INFO - Best Instance Accuracy: 0.772285, Class Accuracy: 0.695174
2021-07-11 04:55:39,201 - Default - INFO - Epoch 54/200:
2021-07-11 04:59:08,655 - Default - INFO - Train Instance Accuracy: 0.964984
2021-07-11 04:59:35,543 - Default - INFO - Test Instance Accuracy: 0.740276, Class Accuracy: 0.675465
2021-07-11 04:59:35,544 - Default - INFO - Best Instance Accuracy: 0.772285, Class Accuracy: 0.695174
2021-07-11 04:59:35,544 - Default - INFO - Epoch 55/200:
2021-07-11 05:03:04,745 - Default - INFO - Train Instance Accuracy: 0.968954
2021-07-11 05:03:31,060 - Default - INFO - Test Instance Accuracy: 0.741086, Class Accuracy: 0.678052
2021-07-11 05:03:31,061 - Default - INFO - Best Instance Accuracy: 0.772285, Class Accuracy: 0.695174
2021-07-11 05:03:31,061 - Default - INFO - Epoch 56/200:
2021-07-11 05:06:59,425 - Default - INFO - Train Instance Accuracy: 0.971804
2021-07-11 05:07:26,246 - Default - INFO - Test Instance Accuracy: 0.739465, Class Accuracy: 0.672064
2021-07-11 05:07:26,247 - Default - INFO - Best Instance Accuracy: 0.772285, Class Accuracy: 0.695174
2021-07-11 05:07:26,247 - Default - INFO - Epoch 57/200:
2021-07-11 05:10:55,589 - Default - INFO - Train Instance Accuracy: 0.970073
2021-07-11 05:11:22,327 - Default - INFO - Test Instance Accuracy: 0.743922, Class Accuracy: 0.683890
2021-07-11 05:11:22,328 - Default - INFO - Best Instance Accuracy: 0.772285, Class Accuracy: 0.695174
2021-07-11 05:11:22,328 - Default - INFO - Epoch 58/200:
2021-07-11 05:14:51,776 - Default - INFO - Train Instance Accuracy: 0.969870
2021-07-11 05:15:18,677 - Default - INFO - Test Instance Accuracy: 0.744733, Class Accuracy: 0.675140
2021-07-11 05:15:18,678 - Default - INFO - Best Instance Accuracy: 0.772285, Class Accuracy: 0.695174
2021-07-11 05:15:18,678 - Default - INFO - Epoch 59/200:
2021-07-11 05:18:47,614 - Default - INFO - Train Instance Accuracy: 0.970989
2021-07-11 05:19:13,694 - Default - INFO - Test Instance Accuracy: 0.746353, Class Accuracy: 0.683471
2021-07-11 05:19:13,695 - Default - INFO - Best Instance Accuracy: 0.772285, Class Accuracy: 0.695174
2021-07-11 05:19:13,695 - Default - INFO - Epoch 60/200:
2021-07-11 05:22:42,576 - Default - INFO - Train Instance Accuracy: 0.971397
2021-07-11 05:23:09,153 - Default - INFO - Saving model at d:/work/PointClassifier/logs/PointCNN_fast_exp/checkpoints/model.t7
2021-07-11 05:23:09,231 - Default - INFO - Test Instance Accuracy: 0.742707, Class Accuracy: 0.672686
2021-07-11 05:23:09,231 - Default - INFO - Best Instance Accuracy: 0.772285, Class Accuracy: 0.695174
2021-07-11 05:23:09,232 - Default - INFO - Epoch 61/200:
2021-07-11 05:26:38,489 - Default - INFO - Train Instance Accuracy: 0.973025
2021-07-11 05:27:05,464 - Default - INFO - Test Instance Accuracy: 0.745543, Class Accuracy: 0.676140
2021-07-11 05:27:05,464 - Default - INFO - Best Instance Accuracy: 0.772285, Class Accuracy: 0.695174
2021-07-11 05:27:05,464 - Default - INFO - Epoch 62/200:
2021-07-11 05:30:34,707 - Default - INFO - Train Instance Accuracy: 0.976486
2021-07-11 05:31:00,871 - Default - INFO - Test Instance Accuracy: 0.747164, Class Accuracy: 0.680512
2021-07-11 05:31:00,871 - Default - INFO - Best Instance Accuracy: 0.772285, Class Accuracy: 0.695174
2021-07-11 05:31:00,871 - Default - INFO - Epoch 63/200:
2021-07-11 05:34:30,111 - Default - INFO - Train Instance Accuracy: 0.973941
2021-07-11 05:34:56,865 - Default - INFO - Test Instance Accuracy: 0.745138, Class Accuracy: 0.672599
2021-07-11 05:34:56,866 - Default - INFO - Best Instance Accuracy: 0.772285, Class Accuracy: 0.695174
2021-07-11 05:34:56,866 - Default - INFO - Epoch 64/200:
2021-07-11 05:38:26,154 - Default - INFO - Train Instance Accuracy: 0.978522
2021-07-11 05:38:53,643 - Default - INFO - Test Instance Accuracy: 0.736629, Class Accuracy: 0.666256
2021-07-11 05:38:53,643 - Default - INFO - Best Instance Accuracy: 0.772285, Class Accuracy: 0.695174
2021-07-11 05:38:53,643 - Default - INFO - Epoch 65/200:
2021-07-11 05:42:22,720 - Default - INFO - Train Instance Accuracy: 0.975977
2021-07-11 05:42:48,913 - Default - INFO - Test Instance Accuracy: 0.742707, Class Accuracy: 0.669959
2021-07-11 05:42:48,913 - Default - INFO - Best Instance Accuracy: 0.772285, Class Accuracy: 0.695174
2021-07-11 05:42:48,914 - Default - INFO - Epoch 66/200:
2021-07-11 05:46:17,366 - Default - INFO - Train Instance Accuracy: 0.978013
2021-07-11 05:46:43,439 - Default - INFO - Test Instance Accuracy: 0.756078, Class Accuracy: 0.689006
2021-07-11 05:46:43,439 - Default - INFO - Best Instance Accuracy: 0.772285, Class Accuracy: 0.695174
2021-07-11 05:46:43,439 - Default - INFO - Epoch 67/200:
2021-07-11 05:50:11,626 - Default - INFO - Train Instance Accuracy: 0.975468
2021-07-11 05:50:38,003 - Default - INFO - Test Instance Accuracy: 0.748784, Class Accuracy: 0.671390
2021-07-11 05:50:38,004 - Default - INFO - Best Instance Accuracy: 0.772285, Class Accuracy: 0.695174
2021-07-11 05:50:38,004 - Default - INFO - Epoch 68/200:
2021-07-11 05:54:06,958 - Default - INFO - Train Instance Accuracy: 0.978624
2021-07-11 05:54:33,736 - Default - INFO - Test Instance Accuracy: 0.751621, Class Accuracy: 0.679965
2021-07-11 05:54:33,736 - Default - INFO - Best Instance Accuracy: 0.772285, Class Accuracy: 0.695174
2021-07-11 05:54:33,737 - Default - INFO - Epoch 69/200:
2021-07-11 05:58:03,114 - Default - INFO - Train Instance Accuracy: 0.977097
2021-07-11 05:58:29,906 - Default - INFO - Test Instance Accuracy: 0.750810, Class Accuracy: 0.673058
2021-07-11 05:58:29,906 - Default - INFO - Best Instance Accuracy: 0.772285, Class Accuracy: 0.695174
2021-07-11 05:58:29,907 - Default - INFO - Epoch 70/200:
2021-07-11 06:01:59,393 - Default - INFO - Train Instance Accuracy: 0.976283
2021-07-11 06:02:25,772 - Default - INFO - Saving model at d:/work/PointClassifier/logs/PointCNN_fast_exp/checkpoints/model.t7
2021-07-11 06:02:25,846 - Default - INFO - Test Instance Accuracy: 0.756078, Class Accuracy: 0.687669
2021-07-11 06:02:25,846 - Default - INFO - Best Instance Accuracy: 0.772285, Class Accuracy: 0.695174
2021-07-11 06:02:25,847 - Default - INFO - Epoch 71/200:
2021-07-11 06:05:54,412 - Default - INFO - Train Instance Accuracy: 0.979031
2021-07-11 06:06:20,528 - Default - INFO - Test Instance Accuracy: 0.744327, Class Accuracy: 0.670233
2021-07-11 06:06:20,528 - Default - INFO - Best Instance Accuracy: 0.772285, Class Accuracy: 0.695174
2021-07-11 06:06:20,528 - Default - INFO - Epoch 72/200:
2021-07-11 06:09:49,323 - Default - INFO - Train Instance Accuracy: 0.977911
2021-07-11 06:10:16,208 - Default - INFO - Test Instance Accuracy: 0.756078, Class Accuracy: 0.691814
2021-07-11 06:10:16,209 - Default - INFO - Best Instance Accuracy: 0.772285, Class Accuracy: 0.695174
2021-07-11 06:10:16,209 - Default - INFO - Epoch 73/200:
2021-07-11 06:13:45,501 - Default - INFO - Train Instance Accuracy: 0.979947
2021-07-11 06:14:12,984 - Default - INFO - Test Instance Accuracy: 0.753647, Class Accuracy: 0.680337
2021-07-11 06:14:12,985 - Default - INFO - Best Instance Accuracy: 0.772285, Class Accuracy: 0.695174
2021-07-11 06:14:12,985 - Default - INFO - Epoch 74/200:
2021-07-11 06:17:42,673 - Default - INFO - Train Instance Accuracy: 0.978217
2021-07-11 06:18:08,852 - Default - INFO - Test Instance Accuracy: 0.741896, Class Accuracy: 0.664221
2021-07-11 06:18:08,853 - Default - INFO - Best Instance Accuracy: 0.772285, Class Accuracy: 0.695174
2021-07-11 06:18:08,853 - Default - INFO - Epoch 75/200:
2021-07-11 06:21:38,298 - Default - INFO - Train Instance Accuracy: 0.979743
2021-07-11 06:22:05,012 - Default - INFO - Test Instance Accuracy: 0.739465, Class Accuracy: 0.677267
2021-07-11 06:22:05,012 - Default - INFO - Best Instance Accuracy: 0.772285, Class Accuracy: 0.695174
2021-07-11 06:22:05,012 - Default - INFO - Epoch 76/200:
2021-07-11 06:25:34,274 - Default - INFO - Train Instance Accuracy: 0.977708
2021-07-11 06:26:01,184 - Default - INFO - Test Instance Accuracy: 0.747164, Class Accuracy: 0.678727
2021-07-11 06:26:01,184 - Default - INFO - Best Instance Accuracy: 0.772285, Class Accuracy: 0.695174
2021-07-11 06:26:01,185 - Default - INFO - Epoch 77/200:
2021-07-11 06:29:30,492 - Default - INFO - Train Instance Accuracy: 0.982288
2021-07-11 06:29:57,373 - Default - INFO - Test Instance Accuracy: 0.743517, Class Accuracy: 0.673477
2021-07-11 06:29:57,373 - Default - INFO - Best Instance Accuracy: 0.772285, Class Accuracy: 0.695174
2021-07-11 06:29:57,373 - Default - INFO - Epoch 78/200:
2021-07-11 06:33:26,418 - Default - INFO - Train Instance Accuracy: 0.979235
2021-07-11 06:33:53,270 - Default - INFO - Test Instance Accuracy: 0.750000, Class Accuracy: 0.678012
2021-07-11 06:33:53,270 - Default - INFO - Best Instance Accuracy: 0.772285, Class Accuracy: 0.695174
2021-07-11 06:33:53,271 - Default - INFO - Epoch 79/200:
2021-07-11 06:37:22,651 - Default - INFO - Train Instance Accuracy: 0.979947
2021-07-11 06:37:49,580 - Default - INFO - Test Instance Accuracy: 0.739870, Class Accuracy: 0.666186
2021-07-11 06:37:49,580 - Default - INFO - Best Instance Accuracy: 0.772285, Class Accuracy: 0.695174
2021-07-11 06:37:49,580 - Default - INFO - Epoch 80/200:
2021-07-11 06:41:18,874 - Default - INFO - Train Instance Accuracy: 0.980761
2021-07-11 06:41:45,171 - Default - INFO - Saving model at d:/work/PointClassifier/logs/PointCNN_fast_exp/checkpoints/model.t7
2021-07-11 06:41:45,245 - Default - INFO - Test Instance Accuracy: 0.740681, Class Accuracy: 0.671401
2021-07-11 06:41:45,246 - Default - INFO - Best Instance Accuracy: 0.772285, Class Accuracy: 0.695174
2021-07-11 06:41:45,246 - Default - INFO - Epoch 81/200:
2021-07-11 06:45:14,018 - Default - INFO - Train Instance Accuracy: 0.979947
2021-07-11 06:45:40,026 - Default - INFO - Test Instance Accuracy: 0.754052, Class Accuracy: 0.676174
2021-07-11 06:45:40,027 - Default - INFO - Best Instance Accuracy: 0.772285, Class Accuracy: 0.695174
2021-07-11 06:45:40,027 - Default - INFO - Epoch 82/200:
2021-07-11 06:49:09,040 - Default - INFO - Train Instance Accuracy: 0.983001
2021-07-11 06:49:35,521 - Default - INFO - Test Instance Accuracy: 0.753241, Class Accuracy: 0.683599
2021-07-11 06:49:35,521 - Default - INFO - Best Instance Accuracy: 0.772285, Class Accuracy: 0.695174
2021-07-11 06:49:35,521 - Default - INFO - Epoch 83/200:
2021-07-11 06:53:04,401 - Default - INFO - Train Instance Accuracy: 0.981576
2021-07-11 06:53:31,119 - Default - INFO - Test Instance Accuracy: 0.747164, Class Accuracy: 0.672349
2021-07-11 06:53:31,119 - Default - INFO - Best Instance Accuracy: 0.772285, Class Accuracy: 0.695174
2021-07-11 06:53:31,120 - Default - INFO - Epoch 84/200:
2021-07-11 06:57:00,912 - Default - INFO - Train Instance Accuracy: 0.984324
2021-07-11 06:57:27,769 - Default - INFO - Test Instance Accuracy: 0.754052, Class Accuracy: 0.679895
2021-07-11 06:57:27,769 - Default - INFO - Best Instance Accuracy: 0.772285, Class Accuracy: 0.695174
2021-07-11 06:57:27,770 - Default - INFO - Epoch 85/200:
2021-07-11 07:00:57,611 - Default - INFO - Train Instance Accuracy: 0.985444
2021-07-11 07:01:24,701 - Default - INFO - Test Instance Accuracy: 0.756483, Class Accuracy: 0.679314
2021-07-11 07:01:24,701 - Default - INFO - Best Instance Accuracy: 0.772285, Class Accuracy: 0.695174
2021-07-11 07:01:24,701 - Default - INFO - Epoch 86/200:
2021-07-11 07:04:54,193 - Default - INFO - Train Instance Accuracy: 0.984121
2021-07-11 07:05:20,375 - Default - INFO - Test Instance Accuracy: 0.753241, Class Accuracy: 0.678593
2021-07-11 07:05:20,375 - Default - INFO - Best Instance Accuracy: 0.772285, Class Accuracy: 0.695174
2021-07-11 07:05:20,375 - Default - INFO - Epoch 87/200:
2021-07-11 07:08:49,440 - Default - INFO - Train Instance Accuracy: 0.984833
2021-07-11 07:09:16,269 - Default - INFO - Test Instance Accuracy: 0.747974, Class Accuracy: 0.679930
2021-07-11 07:09:16,269 - Default - INFO - Best Instance Accuracy: 0.772285, Class Accuracy: 0.695174
2021-07-11 07:09:16,269 - Default - INFO - Epoch 88/200:
2021-07-11 07:12:46,006 - Default - INFO - Train Instance Accuracy: 0.984731
2021-07-11 07:13:12,968 - Default - INFO - Test Instance Accuracy: 0.741086, Class Accuracy: 0.675093
2021-07-11 07:13:12,968 - Default - INFO - Best Instance Accuracy: 0.772285, Class Accuracy: 0.695174
2021-07-11 07:13:12,969 - Default - INFO - Epoch 89/200:
2021-07-11 07:16:42,740 - Default - INFO - Train Instance Accuracy: 0.983306
2021-07-11 07:17:08,775 - Default - INFO - Test Instance Accuracy: 0.746353, Class Accuracy: 0.668174
2021-07-11 07:17:08,776 - Default - INFO - Best Instance Accuracy: 0.772285, Class Accuracy: 0.695174
2021-07-11 07:17:08,776 - Default - INFO - Epoch 90/200:
2021-07-11 07:20:37,830 - Default - INFO - Train Instance Accuracy: 0.984528
2021-07-11 07:21:04,569 - Default - INFO - Saving model at d:/work/PointClassifier/logs/PointCNN_fast_exp/checkpoints/model.t7
2021-07-11 07:21:04,644 - Default - INFO - Test Instance Accuracy: 0.751216, Class Accuracy: 0.670459
2021-07-11 07:21:04,645 - Default - INFO - Best Instance Accuracy: 0.772285, Class Accuracy: 0.695174
2021-07-11 07:21:04,645 - Default - INFO - Epoch 91/200:
2021-07-11 07:24:34,161 - Default - INFO - Train Instance Accuracy: 0.985138
2021-07-11 07:25:01,049 - Default - INFO - Test Instance Accuracy: 0.746353, Class Accuracy: 0.665762
2021-07-11 07:25:01,050 - Default - INFO - Best Instance Accuracy: 0.772285, Class Accuracy: 0.695174
2021-07-11 07:25:01,050 - Default - INFO - Epoch 92/200:
2021-07-11 07:28:30,493 - Default - INFO - Train Instance Accuracy: 0.984121
2021-07-11 07:28:57,245 - Default - INFO - Test Instance Accuracy: 0.743517, Class Accuracy: 0.670378
2021-07-11 07:28:57,245 - Default - INFO - Best Instance Accuracy: 0.772285, Class Accuracy: 0.695174
2021-07-11 07:28:57,245 - Default - INFO - Epoch 93/200:
2021-07-11 07:32:26,880 - Default - INFO - Train Instance Accuracy: 0.984121
2021-07-11 07:32:53,532 - Default - INFO - Test Instance Accuracy: 0.744327, Class Accuracy: 0.679047
2021-07-11 07:32:53,533 - Default - INFO - Best Instance Accuracy: 0.772285, Class Accuracy: 0.695174
2021-07-11 07:32:53,533 - Default - INFO - Epoch 94/200:
2021-07-11 07:36:23,089 - Default - INFO - Train Instance Accuracy: 0.985749
2021-07-11 07:36:50,185 - Default - INFO - Test Instance Accuracy: 0.749595, Class Accuracy: 0.682512
2021-07-11 07:36:50,185 - Default - INFO - Best Instance Accuracy: 0.772285, Class Accuracy: 0.695174
2021-07-11 07:36:50,185 - Default - INFO - Epoch 95/200:
2021-07-11 07:40:19,909 - Default - INFO - Train Instance Accuracy: 0.984426
2021-07-11 07:40:46,679 - Default - INFO - Test Instance Accuracy: 0.749190, Class Accuracy: 0.677436
2021-07-11 07:40:46,680 - Default - INFO - Best Instance Accuracy: 0.772285, Class Accuracy: 0.695174
2021-07-11 07:40:46,680 - Default - INFO - Epoch 96/200:
2021-07-11 07:44:16,114 - Default - INFO - Train Instance Accuracy: 0.984222
2021-07-11 07:44:42,499 - Default - INFO - Test Instance Accuracy: 0.745948, Class Accuracy: 0.679017
2021-07-11 07:44:42,499 - Default - INFO - Best Instance Accuracy: 0.772285, Class Accuracy: 0.695174
2021-07-11 07:44:42,499 - Default - INFO - Epoch 97/200:
2021-07-11 07:48:11,931 - Default - INFO - Train Instance Accuracy: 0.987581
2021-07-11 07:48:38,263 - Default - INFO - Test Instance Accuracy: 0.748379, Class Accuracy: 0.681169
2021-07-11 07:48:38,263 - Default - INFO - Best Instance Accuracy: 0.772285, Class Accuracy: 0.695174
2021-07-11 07:48:38,263 - Default - INFO - Epoch 98/200:
2021-07-11 07:52:07,031 - Default - INFO - Train Instance Accuracy: 0.985444
2021-07-11 07:52:33,763 - Default - INFO - Test Instance Accuracy: 0.760535, Class Accuracy: 0.697093
2021-07-11 07:52:33,763 - Default - INFO - Best Instance Accuracy: 0.772285, Class Accuracy: 0.697093
2021-07-11 07:52:33,764 - Default - INFO - Epoch 99/200:
2021-07-11 07:56:03,479 - Default - INFO - Train Instance Accuracy: 0.985749
2021-07-11 07:56:30,377 - Default - INFO - Test Instance Accuracy: 0.755673, Class Accuracy: 0.690965
2021-07-11 07:56:30,377 - Default - INFO - Best Instance Accuracy: 0.772285, Class Accuracy: 0.697093
2021-07-11 07:56:30,377 - Default - INFO - Epoch 100/200:
2021-07-11 08:00:00,162 - Default - INFO - Train Instance Accuracy: 0.987480
2021-07-11 08:00:27,406 - Default - INFO - Saving model at d:/work/PointClassifier/logs/PointCNN_fast_exp/checkpoints/model.t7
2021-07-11 08:00:27,488 - Default - INFO - Test Instance Accuracy: 0.759724, Class Accuracy: 0.689419
2021-07-11 08:00:27,488 - Default - INFO - Best Instance Accuracy: 0.772285, Class Accuracy: 0.697093
2021-07-11 08:00:27,488 - Default - INFO - Epoch 101/200:
2021-07-11 08:03:57,067 - Default - INFO - Train Instance Accuracy: 0.984935
2021-07-11 08:04:23,283 - Default - INFO - Test Instance Accuracy: 0.758509, Class Accuracy: 0.696965
2021-07-11 08:04:23,283 - Default - INFO - Best Instance Accuracy: 0.772285, Class Accuracy: 0.697093
2021-07-11 08:04:23,283 - Default - INFO - Epoch 102/200:
2021-07-11 08:07:51,975 - Default - INFO - Train Instance Accuracy: 0.986869
2021-07-11 08:08:18,871 - Default - INFO - Test Instance Accuracy: 0.758914, Class Accuracy: 0.691552
2021-07-11 08:08:18,872 - Default - INFO - Best Instance Accuracy: 0.772285, Class Accuracy: 0.697093
2021-07-11 08:08:18,872 - Default - INFO - Epoch 103/200:
2021-07-11 08:11:48,189 - Default - INFO - Train Instance Accuracy: 0.987683
2021-07-11 08:12:15,049 - Default - INFO - Test Instance Accuracy: 0.763371, Class Accuracy: 0.691209
2021-07-11 08:12:15,049 - Default - INFO - Best Instance Accuracy: 0.772285, Class Accuracy: 0.697093
2021-07-11 08:12:15,049 - Default - INFO - Epoch 104/200:
2021-07-11 08:15:44,575 - Default - INFO - Train Instance Accuracy: 0.988396
2021-07-11 08:16:11,332 - Default - INFO - Test Instance Accuracy: 0.754052, Class Accuracy: 0.685221
2021-07-11 08:16:11,332 - Default - INFO - Best Instance Accuracy: 0.772285, Class Accuracy: 0.697093
2021-07-11 08:16:11,332 - Default - INFO - Epoch 105/200:
2021-07-11 08:19:40,579 - Default - INFO - Train Instance Accuracy: 0.988803
2021-07-11 08:20:07,219 - Default - INFO - Test Instance Accuracy: 0.756483, Class Accuracy: 0.687302
2021-07-11 08:20:07,219 - Default - INFO - Best Instance Accuracy: 0.772285, Class Accuracy: 0.697093
2021-07-11 08:20:07,220 - Default - INFO - Epoch 106/200:
2021-07-11 08:23:37,068 - Default - INFO - Train Instance Accuracy: 0.989515
2021-07-11 08:24:03,971 - Default - INFO - Test Instance Accuracy: 0.760940, Class Accuracy: 0.698767
2021-07-11 08:24:03,971 - Default - INFO - Best Instance Accuracy: 0.772285, Class Accuracy: 0.698767
2021-07-11 08:24:03,972 - Default - INFO - Epoch 107/200:
2021-07-11 08:27:33,701 - Default - INFO - Train Instance Accuracy: 0.989312
2021-07-11 08:27:59,817 - Default - INFO - Test Instance Accuracy: 0.758509, Class Accuracy: 0.695343
2021-07-11 08:27:59,817 - Default - INFO - Best Instance Accuracy: 0.772285, Class Accuracy: 0.698767
2021-07-11 08:27:59,817 - Default - INFO - Epoch 108/200:
2021-07-11 08:31:28,321 - Default - INFO - Train Instance Accuracy: 0.989617
2021-07-11 08:31:54,918 - Default - INFO - Test Instance Accuracy: 0.761750, Class Accuracy: 0.697087
2021-07-11 08:31:54,919 - Default - INFO - Best Instance Accuracy: 0.772285, Class Accuracy: 0.698767
2021-07-11 08:31:54,919 - Default - INFO - Epoch 109/200:
2021-07-11 08:35:24,020 - Default - INFO - Train Instance Accuracy: 0.987887
2021-07-11 08:35:50,755 - Default - INFO - Test Instance Accuracy: 0.761345, Class Accuracy: 0.692215
2021-07-11 08:35:50,755 - Default - INFO - Best Instance Accuracy: 0.772285, Class Accuracy: 0.698767
2021-07-11 08:35:50,755 - Default - INFO - Epoch 110/200:
2021-07-11 08:39:20,679 - Default - INFO - Train Instance Accuracy: 0.986869
2021-07-11 08:39:46,701 - Default - INFO - Saving model at d:/work/PointClassifier/logs/PointCNN_fast_exp/checkpoints/model.t7
2021-07-11 08:39:46,791 - Default - INFO - Test Instance Accuracy: 0.758914, Class Accuracy: 0.693424
2021-07-11 08:39:46,791 - Default - INFO - Best Instance Accuracy: 0.772285, Class Accuracy: 0.698767
2021-07-11 08:39:46,791 - Default - INFO - Epoch 111/200:
2021-07-11 08:43:14,496 - Default - INFO - Train Instance Accuracy: 0.989515
2021-07-11 08:43:40,546 - Default - INFO - Test Instance Accuracy: 0.752836, Class Accuracy: 0.691297
2021-07-11 08:43:40,546 - Default - INFO - Best Instance Accuracy: 0.772285, Class Accuracy: 0.698767
2021-07-11 08:43:40,546 - Default - INFO - Epoch 112/200:
2021-07-11 08:47:07,550 - Default - INFO - Train Instance Accuracy: 0.989821
2021-07-11 08:47:33,169 - Default - INFO - Test Instance Accuracy: 0.759724, Class Accuracy: 0.682000
2021-07-11 08:47:33,169 - Default - INFO - Best Instance Accuracy: 0.772285, Class Accuracy: 0.698767
2021-07-11 08:47:33,170 - Default - INFO - Epoch 113/200:
2021-07-11 08:50:59,455 - Default - INFO - Train Instance Accuracy: 0.986971
2021-07-11 08:51:24,893 - Default - INFO - Test Instance Accuracy: 0.752836, Class Accuracy: 0.686797
2021-07-11 08:51:24,893 - Default - INFO - Best Instance Accuracy: 0.772285, Class Accuracy: 0.698767
2021-07-11 08:51:24,894 - Default - INFO - Epoch 114/200:
2021-07-11 08:54:51,942 - Default - INFO - Train Instance Accuracy: 0.986564
2021-07-11 08:55:18,408 - Default - INFO - Test Instance Accuracy: 0.764182, Class Accuracy: 0.701291
2021-07-11 08:55:18,409 - Default - INFO - Best Instance Accuracy: 0.772285, Class Accuracy: 0.701291
2021-07-11 08:55:18,409 - Default - INFO - Epoch 115/200:
2021-07-11 08:58:46,787 - Default - INFO - Train Instance Accuracy: 0.988090
2021-07-11 08:59:13,472 - Default - INFO - Test Instance Accuracy: 0.760940, Class Accuracy: 0.694419
2021-07-11 08:59:13,472 - Default - INFO - Best Instance Accuracy: 0.772285, Class Accuracy: 0.701291
2021-07-11 08:59:13,472 - Default - INFO - Epoch 116/200:
2021-07-11 09:02:41,724 - Default - INFO - Train Instance Accuracy: 0.988599
2021-07-11 09:03:08,241 - Default - INFO - Test Instance Accuracy: 0.762966, Class Accuracy: 0.698297
2021-07-11 09:03:08,241 - Default - INFO - Best Instance Accuracy: 0.772285, Class Accuracy: 0.701291
2021-07-11 09:03:08,242 - Default - INFO - Epoch 117/200:
2021-07-11 09:06:38,472 - Default - INFO - Train Instance Accuracy: 0.988905
2021-07-11 09:07:05,321 - Default - INFO - Test Instance Accuracy: 0.759724, Class Accuracy: 0.686390
2021-07-11 09:07:05,321 - Default - INFO - Best Instance Accuracy: 0.772285, Class Accuracy: 0.701291
2021-07-11 09:07:05,322 - Default - INFO - Epoch 118/200:
2021-07-11 09:10:38,030 - Default - INFO - Train Instance Accuracy: 0.988905
2021-07-11 09:11:05,438 - Default - INFO - Test Instance Accuracy: 0.760535, Class Accuracy: 0.693128
2021-07-11 09:11:05,438 - Default - INFO - Best Instance Accuracy: 0.772285, Class Accuracy: 0.701291
2021-07-11 09:11:05,439 - Default - INFO - Epoch 119/200:
2021-07-11 09:14:35,785 - Default - INFO - Train Instance Accuracy: 0.990024
2021-07-11 09:15:01,870 - Default - INFO - Test Instance Accuracy: 0.762156, Class Accuracy: 0.692878
2021-07-11 09:15:01,871 - Default - INFO - Best Instance Accuracy: 0.772285, Class Accuracy: 0.701291
2021-07-11 09:15:01,871 - Default - INFO - Epoch 120/200:
2021-07-11 09:18:31,596 - Default - INFO - Train Instance Accuracy: 0.989210
2021-07-11 09:18:58,274 - Default - INFO - Saving model at d:/work/PointClassifier/logs/PointCNN_fast_exp/checkpoints/model.t7
2021-07-11 09:18:58,349 - Default - INFO - Test Instance Accuracy: 0.757293, Class Accuracy: 0.684965
2021-07-11 09:18:58,349 - Default - INFO - Best Instance Accuracy: 0.772285, Class Accuracy: 0.701291
2021-07-11 09:18:58,350 - Default - INFO - Epoch 121/200:
2021-07-11 09:22:28,711 - Default - INFO - Train Instance Accuracy: 0.990533
2021-07-11 09:22:55,675 - Default - INFO - Test Instance Accuracy: 0.761345, Class Accuracy: 0.685802
2021-07-11 09:22:55,676 - Default - INFO - Best Instance Accuracy: 0.772285, Class Accuracy: 0.701291
2021-07-11 09:22:55,676 - Default - INFO - Epoch 122/200:
2021-07-11 09:26:25,888 - Default - INFO - Train Instance Accuracy: 0.989821
2021-07-11 09:26:52,003 - Default - INFO - Test Instance Accuracy: 0.763776, Class Accuracy: 0.693099
2021-07-11 09:26:52,004 - Default - INFO - Best Instance Accuracy: 0.772285, Class Accuracy: 0.701291
2021-07-11 09:26:52,004 - Default - INFO - Epoch 123/200:
2021-07-11 09:30:21,473 - Default - INFO - Train Instance Accuracy: 0.989007
2021-07-11 09:30:48,080 - Default - INFO - Test Instance Accuracy: 0.758509, Class Accuracy: 0.687686
2021-07-11 09:30:48,080 - Default - INFO - Best Instance Accuracy: 0.772285, Class Accuracy: 0.701291
2021-07-11 09:30:48,080 - Default - INFO - Epoch 124/200:
2021-07-11 09:34:17,926 - Default - INFO - Train Instance Accuracy: 0.989312
2021-07-11 09:34:44,865 - Default - INFO - Test Instance Accuracy: 0.766613, Class Accuracy: 0.694791
2021-07-11 09:34:44,865 - Default - INFO - Best Instance Accuracy: 0.772285, Class Accuracy: 0.701291
2021-07-11 09:34:44,865 - Default - INFO - Epoch 125/200:
2021-07-11 09:38:15,273 - Default - INFO - Train Instance Accuracy: 0.989923
2021-07-11 09:38:41,958 - Default - INFO - Test Instance Accuracy: 0.763371, Class Accuracy: 0.693465
2021-07-11 09:38:41,958 - Default - INFO - Best Instance Accuracy: 0.772285, Class Accuracy: 0.701291
2021-07-11 09:38:41,958 - Default - INFO - Epoch 126/200:
2021-07-11 09:42:12,142 - Default - INFO - Train Instance Accuracy: 0.990839
2021-07-11 09:42:38,723 - Default - INFO - Test Instance Accuracy: 0.755267, Class Accuracy: 0.682756
2021-07-11 09:42:38,723 - Default - INFO - Best Instance Accuracy: 0.772285, Class Accuracy: 0.701291
2021-07-11 09:42:38,723 - Default - INFO - Epoch 127/200:
2021-07-11 09:46:07,105 - Default - INFO - Train Instance Accuracy: 0.991450
2021-07-11 09:46:33,329 - Default - INFO - Test Instance Accuracy: 0.756888, Class Accuracy: 0.693424
2021-07-11 09:46:33,329 - Default - INFO - Best Instance Accuracy: 0.772285, Class Accuracy: 0.701291
2021-07-11 09:46:33,329 - Default - INFO - Epoch 128/200:
2021-07-11 09:50:01,334 - Default - INFO - Train Instance Accuracy: 0.990126
2021-07-11 09:50:27,155 - Default - INFO - Test Instance Accuracy: 0.766613, Class Accuracy: 0.694093
2021-07-11 09:50:27,155 - Default - INFO - Best Instance Accuracy: 0.772285, Class Accuracy: 0.701291
2021-07-11 09:50:27,156 - Default - INFO - Epoch 129/200:
2021-07-11 09:53:55,075 - Default - INFO - Train Instance Accuracy: 0.989108
2021-07-11 09:54:21,577 - Default - INFO - Test Instance Accuracy: 0.760130, Class Accuracy: 0.697221
2021-07-11 09:54:21,577 - Default - INFO - Best Instance Accuracy: 0.772285, Class Accuracy: 0.701291
2021-07-11 09:54:21,577 - Default - INFO - Epoch 130/200:
2021-07-11 09:57:50,196 - Default - INFO - Train Instance Accuracy: 0.990126
2021-07-11 09:58:17,074 - Default - INFO - Saving model at d:/work/PointClassifier/logs/PointCNN_fast_exp/checkpoints/model.t7
2021-07-11 09:58:17,150 - Default - INFO - Test Instance Accuracy: 0.763776, Class Accuracy: 0.695843
2021-07-11 09:58:17,150 - Default - INFO - Best Instance Accuracy: 0.772285, Class Accuracy: 0.701291
2021-07-11 09:58:17,151 - Default - INFO - Epoch 131/200:
2021-07-11 10:01:47,745 - Default - INFO - Train Instance Accuracy: 0.990839
2021-07-11 10:02:13,625 - Default - INFO - Test Instance Accuracy: 0.758509, Class Accuracy: 0.683006
2021-07-11 10:02:13,625 - Default - INFO - Best Instance Accuracy: 0.772285, Class Accuracy: 0.701291
2021-07-11 10:02:13,626 - Default - INFO - Epoch 132/200:
2021-07-11 10:05:43,154 - Default - INFO - Train Instance Accuracy: 0.989617
2021-07-11 10:06:09,740 - Default - INFO - Test Instance Accuracy: 0.759319, Class Accuracy: 0.685634
2021-07-11 10:06:09,740 - Default - INFO - Best Instance Accuracy: 0.772285, Class Accuracy: 0.701291
2021-07-11 10:06:09,741 - Default - INFO - Epoch 133/200:
2021-07-11 10:09:39,191 - Default - INFO - Train Instance Accuracy: 0.989414
2021-07-11 10:10:06,089 - Default - INFO - Test Instance Accuracy: 0.750405, Class Accuracy: 0.673012
2021-07-11 10:10:06,090 - Default - INFO - Best Instance Accuracy: 0.772285, Class Accuracy: 0.701291
2021-07-11 10:10:06,090 - Default - INFO - Epoch 134/200:
2021-07-11 10:13:36,245 - Default - INFO - Train Instance Accuracy: 0.991246
2021-07-11 10:14:02,862 - Default - INFO - Test Instance Accuracy: 0.753241, Class Accuracy: 0.677762
2021-07-11 10:14:02,862 - Default - INFO - Best Instance Accuracy: 0.772285, Class Accuracy: 0.701291
2021-07-11 10:14:02,863 - Default - INFO - Epoch 135/200:
2021-07-11 10:17:32,908 - Default - INFO - Train Instance Accuracy: 0.990635
2021-07-11 10:17:58,976 - Default - INFO - Test Instance Accuracy: 0.757293, Class Accuracy: 0.687884
2021-07-11 10:17:58,977 - Default - INFO - Best Instance Accuracy: 0.772285, Class Accuracy: 0.701291
2021-07-11 10:17:58,977 - Default - INFO - Epoch 136/200:
2021-07-11 10:21:28,554 - Default - INFO - Train Instance Accuracy: 0.991857
2021-07-11 10:21:55,399 - Default - INFO - Test Instance Accuracy: 0.753241, Class Accuracy: 0.682215
2021-07-11 10:21:55,399 - Default - INFO - Best Instance Accuracy: 0.772285, Class Accuracy: 0.701291
2021-07-11 10:21:55,400 - Default - INFO - Epoch 137/200:
2021-07-11 10:25:25,713 - Default - INFO - Train Instance Accuracy: 0.990024
2021-07-11 10:25:52,462 - Default - INFO - Test Instance Accuracy: 0.764182, Class Accuracy: 0.697302
2021-07-11 10:25:52,463 - Default - INFO - Best Instance Accuracy: 0.772285, Class Accuracy: 0.701291
2021-07-11 10:25:52,463 - Default - INFO - Epoch 138/200:
2021-07-11 10:29:22,704 - Default - INFO - Train Instance Accuracy: 0.992366
2021-07-11 10:29:48,908 - Default - INFO - Test Instance Accuracy: 0.756888, Class Accuracy: 0.680593
2021-07-11 10:29:48,908 - Default - INFO - Best Instance Accuracy: 0.772285, Class Accuracy: 0.701291
2021-07-11 10:29:48,908 - Default - INFO - Epoch 139/200:
2021-07-11 10:33:18,188 - Default - INFO - Train Instance Accuracy: 0.991042
2021-07-11 10:33:45,028 - Default - INFO - Test Instance Accuracy: 0.762561, Class Accuracy: 0.691500
2021-07-11 10:33:45,028 - Default - INFO - Best Instance Accuracy: 0.772285, Class Accuracy: 0.701291
2021-07-11 10:33:45,028 - Default - INFO - Epoch 140/200:
2021-07-11 10:37:14,248 - Default - INFO - Train Instance Accuracy: 0.990839
2021-07-11 10:37:40,945 - Default - INFO - Saving model at d:/work/PointClassifier/logs/PointCNN_fast_exp/checkpoints/model.t7
2021-07-11 10:37:41,227 - Default - INFO - Test Instance Accuracy: 0.759724, Class Accuracy: 0.681552
2021-07-11 10:37:41,227 - Default - INFO - Best Instance Accuracy: 0.772285, Class Accuracy: 0.701291
2021-07-11 10:37:41,227 - Default - INFO - Epoch 141/200:
2021-07-11 10:41:10,351 - Default - INFO - Train Instance Accuracy: 0.990635
2021-07-11 10:41:36,642 - Default - INFO - Test Instance Accuracy: 0.759319, Class Accuracy: 0.681762
2021-07-11 10:41:36,642 - Default - INFO - Best Instance Accuracy: 0.772285, Class Accuracy: 0.701291
2021-07-11 10:41:36,642 - Default - INFO - Epoch 142/200:
2021-07-11 10:45:04,864 - Default - INFO - Train Instance Accuracy: 0.991958
2021-07-11 10:45:31,680 - Default - INFO - Test Instance Accuracy: 0.760130, Class Accuracy: 0.688547
2021-07-11 10:45:31,680 - Default - INFO - Best Instance Accuracy: 0.772285, Class Accuracy: 0.701291
2021-07-11 10:45:31,681 - Default - INFO - Epoch 143/200:
2021-07-11 10:48:59,516 - Default - INFO - Train Instance Accuracy: 0.991551
2021-07-11 10:49:25,551 - Default - INFO - Test Instance Accuracy: 0.757699, Class Accuracy: 0.682134
2021-07-11 10:49:25,551 - Default - INFO - Best Instance Accuracy: 0.772285, Class Accuracy: 0.701291
2021-07-11 10:49:25,552 - Default - INFO - Epoch 144/200:
2021-07-11 10:52:53,379 - Default - INFO - Train Instance Accuracy: 0.992162
2021-07-11 10:53:19,907 - Default - INFO - Test Instance Accuracy: 0.759319, Class Accuracy: 0.680634
2021-07-11 10:53:19,908 - Default - INFO - Best Instance Accuracy: 0.772285, Class Accuracy: 0.701291
2021-07-11 10:53:19,908 - Default - INFO - Epoch 145/200:
2021-07-11 10:56:48,466 - Default - INFO - Train Instance Accuracy: 0.993689
2021-07-11 10:57:15,250 - Default - INFO - Test Instance Accuracy: 0.760535, Class Accuracy: 0.687006
2021-07-11 10:57:15,251 - Default - INFO - Best Instance Accuracy: 0.772285, Class Accuracy: 0.701291
2021-07-11 10:57:15,251 - Default - INFO - Epoch 146/200:
2021-07-11 11:00:43,949 - Default - INFO - Train Instance Accuracy: 0.991653
2021-07-11 11:01:10,462 - Default - INFO - Test Instance Accuracy: 0.756888, Class Accuracy: 0.683674
2021-07-11 11:01:10,462 - Default - INFO - Best Instance Accuracy: 0.772285, Class Accuracy: 0.701291
2021-07-11 11:01:10,463 - Default - INFO - Epoch 147/200:
2021-07-11 11:04:39,167 - Default - INFO - Train Instance Accuracy: 0.992060
2021-07-11 11:05:05,401 - Default - INFO - Test Instance Accuracy: 0.754862, Class Accuracy: 0.684471
2021-07-11 11:05:05,401 - Default - INFO - Best Instance Accuracy: 0.772285, Class Accuracy: 0.701291
2021-07-11 11:05:05,402 - Default - INFO - Epoch 148/200:
2021-07-11 11:08:34,050 - Default - INFO - Train Instance Accuracy: 0.993689
2021-07-11 11:09:00,854 - Default - INFO - Test Instance Accuracy: 0.760535, Class Accuracy: 0.689802
2021-07-11 11:09:00,855 - Default - INFO - Best Instance Accuracy: 0.772285, Class Accuracy: 0.701291
2021-07-11 11:09:00,855 - Default - INFO - Epoch 149/200:
2021-07-11 11:12:29,852 - Default - INFO - Train Instance Accuracy: 0.991958
2021-07-11 11:12:56,514 - Default - INFO - Test Instance Accuracy: 0.760130, Class Accuracy: 0.685343
2021-07-11 11:12:56,514 - Default - INFO - Best Instance Accuracy: 0.772285, Class Accuracy: 0.701291
2021-07-11 11:12:56,515 - Default - INFO - Epoch 150/200:
2021-07-11 11:16:25,457 - Default - INFO - Train Instance Accuracy: 0.990432
2021-07-11 11:16:52,105 - Default - INFO - Saving model at d:/work/PointClassifier/logs/PointCNN_fast_exp/checkpoints/model.t7
2021-07-11 11:16:52,178 - Default - INFO - Test Instance Accuracy: 0.759319, Class Accuracy: 0.680012
2021-07-11 11:16:52,179 - Default - INFO - Best Instance Accuracy: 0.772285, Class Accuracy: 0.701291
2021-07-11 11:16:52,179 - Default - INFO - Epoch 151/200:
2021-07-11 11:20:20,652 - Default - INFO - Train Instance Accuracy: 0.991958
2021-07-11 11:20:47,438 - Default - INFO - Test Instance Accuracy: 0.764992, Class Accuracy: 0.691721
2021-07-11 11:20:47,438 - Default - INFO - Best Instance Accuracy: 0.772285, Class Accuracy: 0.701291
2021-07-11 11:20:47,438 - Default - INFO - Epoch 152/200:
2021-07-11 11:24:16,428 - Default - INFO - Train Instance Accuracy: 0.992671
2021-07-11 11:24:43,022 - Default - INFO - Test Instance Accuracy: 0.764182, Class Accuracy: 0.687593
2021-07-11 11:24:43,022 - Default - INFO - Best Instance Accuracy: 0.772285, Class Accuracy: 0.701291
2021-07-11 11:24:43,022 - Default - INFO - Epoch 153/200:
2021-07-11 11:28:12,032 - Default - INFO - Train Instance Accuracy: 0.993384
2021-07-11 11:28:38,855 - Default - INFO - Test Instance Accuracy: 0.761750, Class Accuracy: 0.689430
2021-07-11 11:28:38,856 - Default - INFO - Best Instance Accuracy: 0.772285, Class Accuracy: 0.701291
2021-07-11 11:28:38,856 - Default - INFO - Epoch 154/200:
2021-07-11 11:32:07,887 - Default - INFO - Train Instance Accuracy: 0.991755
2021-07-11 11:32:34,895 - Default - INFO - Test Instance Accuracy: 0.766207, Class Accuracy: 0.700884
2021-07-11 11:32:34,896 - Default - INFO - Best Instance Accuracy: 0.772285, Class Accuracy: 0.701291
2021-07-11 11:32:34,896 - Default - INFO - Epoch 155/200:
2021-07-11 11:36:03,683 - Default - INFO - Train Instance Accuracy: 0.992671
2021-07-11 11:36:30,210 - Default - INFO - Test Instance Accuracy: 0.760940, Class Accuracy: 0.694669
2021-07-11 11:36:30,210 - Default - INFO - Best Instance Accuracy: 0.772285, Class Accuracy: 0.701291
2021-07-11 11:36:30,211 - Default - INFO - Epoch 156/200:
2021-07-11 11:39:58,993 - Default - INFO - Train Instance Accuracy: 0.993485
2021-07-11 11:40:25,612 - Default - INFO - Test Instance Accuracy: 0.762561, Class Accuracy: 0.697337
2021-07-11 11:40:25,613 - Default - INFO - Best Instance Accuracy: 0.772285, Class Accuracy: 0.701291
2021-07-11 11:40:25,613 - Default - INFO - Epoch 157/200:
2021-07-11 11:43:53,874 - Default - INFO - Train Instance Accuracy: 0.992569
2021-07-11 11:44:20,013 - Default - INFO - Test Instance Accuracy: 0.760535, Class Accuracy: 0.700465
2021-07-11 11:44:20,013 - Default - INFO - Best Instance Accuracy: 0.772285, Class Accuracy: 0.701291
2021-07-11 11:44:20,014 - Default - INFO - Epoch 158/200:
2021-07-11 11:47:47,801 - Default - INFO - Train Instance Accuracy: 0.992671
2021-07-11 11:48:13,281 - Default - INFO - Test Instance Accuracy: 0.758914, Class Accuracy: 0.690506
2021-07-11 11:48:13,282 - Default - INFO - Best Instance Accuracy: 0.772285, Class Accuracy: 0.701291
2021-07-11 11:48:13,282 - Default - INFO - Epoch 159/200:
2021-07-11 11:51:40,415 - Default - INFO - Train Instance Accuracy: 0.992671
2021-07-11 11:52:06,871 - Default - INFO - Test Instance Accuracy: 0.762561, Class Accuracy: 0.696634
2021-07-11 11:52:06,871 - Default - INFO - Best Instance Accuracy: 0.772285, Class Accuracy: 0.701291
2021-07-11 11:52:06,871 - Default - INFO - Epoch 160/200:
2021-07-11 11:55:35,536 - Default - INFO - Train Instance Accuracy: 0.992162
2021-07-11 11:56:02,395 - Default - INFO - Saving model at d:/work/PointClassifier/logs/PointCNN_fast_exp/checkpoints/model.t7
2021-07-11 11:56:02,468 - Default - INFO - Test Instance Accuracy: 0.761345, Class Accuracy: 0.692262
2021-07-11 11:56:02,468 - Default - INFO - Best Instance Accuracy: 0.772285, Class Accuracy: 0.701291
2021-07-11 11:56:02,469 - Default - INFO - Epoch 161/200:
2021-07-11 11:59:31,275 - Default - INFO - Train Instance Accuracy: 0.992264
2021-07-11 11:59:57,982 - Default - INFO - Test Instance Accuracy: 0.758509, Class Accuracy: 0.696837
2021-07-11 11:59:57,982 - Default - INFO - Best Instance Accuracy: 0.772285, Class Accuracy: 0.701291
2021-07-11 11:59:57,982 - Default - INFO - Epoch 162/200:
2021-07-11 12:03:26,503 - Default - INFO - Train Instance Accuracy: 0.994096
2021-07-11 12:03:52,630 - Default - INFO - Test Instance Accuracy: 0.759319, Class Accuracy: 0.695093
2021-07-11 12:03:52,630 - Default - INFO - Best Instance Accuracy: 0.772285, Class Accuracy: 0.701291
2021-07-11 12:03:52,630 - Default - INFO - Epoch 163/200:
2021-07-11 12:07:20,887 - Default - INFO - Train Instance Accuracy: 0.993384
2021-07-11 12:07:47,838 - Default - INFO - Test Instance Accuracy: 0.764182, Class Accuracy: 0.690017
2021-07-11 12:07:47,838 - Default - INFO - Best Instance Accuracy: 0.772285, Class Accuracy: 0.701291
2021-07-11 12:07:47,839 - Default - INFO - Epoch 164/200:
2021-07-11 12:11:16,784 - Default - INFO - Train Instance Accuracy: 0.991653
2021-07-11 12:11:43,459 - Default - INFO - Test Instance Accuracy: 0.759724, Class Accuracy: 0.693634
2021-07-11 12:11:43,459 - Default - INFO - Best Instance Accuracy: 0.772285, Class Accuracy: 0.701291
2021-07-11 12:11:43,460 - Default - INFO - Epoch 165/200:
2021-07-11 12:15:12,734 - Default - INFO - Train Instance Accuracy: 0.992060
2021-07-11 12:15:39,457 - Default - INFO - Test Instance Accuracy: 0.752431, Class Accuracy: 0.681843
2021-07-11 12:15:39,457 - Default - INFO - Best Instance Accuracy: 0.772285, Class Accuracy: 0.701291
2021-07-11 12:15:39,457 - Default - INFO - Epoch 166/200:
2021-07-11 12:19:08,356 - Default - INFO - Train Instance Accuracy: 0.993689
2021-07-11 12:19:35,047 - Default - INFO - Test Instance Accuracy: 0.762156, Class Accuracy: 0.690384
2021-07-11 12:19:35,048 - Default - INFO - Best Instance Accuracy: 0.772285, Class Accuracy: 0.701291
2021-07-11 12:19:35,048 - Default - INFO - Epoch 167/200:
2021-07-11 12:23:04,511 - Default - INFO - Train Instance Accuracy: 0.992366
2021-07-11 12:23:31,161 - Default - INFO - Test Instance Accuracy: 0.754862, Class Accuracy: 0.686297
2021-07-11 12:23:31,161 - Default - INFO - Best Instance Accuracy: 0.772285, Class Accuracy: 0.701291
2021-07-11 12:23:31,161 - Default - INFO - Epoch 168/200:
2021-07-11 12:27:00,298 - Default - INFO - Train Instance Accuracy: 0.991450
2021-07-11 12:27:26,972 - Default - INFO - Test Instance Accuracy: 0.751621, Class Accuracy: 0.691262
2021-07-11 12:27:26,972 - Default - INFO - Best Instance Accuracy: 0.772285, Class Accuracy: 0.701291
2021-07-11 12:27:26,973 - Default - INFO - Epoch 169/200:
2021-07-11 12:30:55,867 - Default - INFO - Train Instance Accuracy: 0.991755
2021-07-11 12:31:22,234 - Default - INFO - Test Instance Accuracy: 0.757699, Class Accuracy: 0.694547
2021-07-11 12:31:22,234 - Default - INFO - Best Instance Accuracy: 0.772285, Class Accuracy: 0.701291
2021-07-11 12:31:22,234 - Default - INFO - Epoch 170/200:
2021-07-11 12:34:51,357 - Default - INFO - Train Instance Accuracy: 0.992060
2021-07-11 12:35:18,215 - Default - INFO - Saving model at d:/work/PointClassifier/logs/PointCNN_fast_exp/checkpoints/model.t7
2021-07-11 12:35:18,293 - Default - INFO - Test Instance Accuracy: 0.760940, Class Accuracy: 0.695424
2021-07-11 12:35:18,293 - Default - INFO - Best Instance Accuracy: 0.772285, Class Accuracy: 0.701291
2021-07-11 12:35:18,293 - Default - INFO - Epoch 171/200:
2021-07-11 12:38:47,419 - Default - INFO - Train Instance Accuracy: 0.992569
2021-07-11 12:39:14,050 - Default - INFO - Test Instance Accuracy: 0.758104, Class Accuracy: 0.688715
2021-07-11 12:39:14,050 - Default - INFO - Best Instance Accuracy: 0.772285, Class Accuracy: 0.701291
2021-07-11 12:39:14,051 - Default - INFO - Epoch 172/200:
2021-07-11 12:42:43,107 - Default - INFO - Train Instance Accuracy: 0.993485
2021-07-11 12:43:09,541 - Default - INFO - Test Instance Accuracy: 0.758104, Class Accuracy: 0.686593
2021-07-11 12:43:09,541 - Default - INFO - Best Instance Accuracy: 0.772285, Class Accuracy: 0.701291
2021-07-11 12:43:09,542 - Default - INFO - Epoch 173/200:
2021-07-11 12:46:37,723 - Default - INFO - Train Instance Accuracy: 0.992875
2021-07-11 12:47:03,829 - Default - INFO - Test Instance Accuracy: 0.758104, Class Accuracy: 0.691552
2021-07-11 12:47:03,829 - Default - INFO - Best Instance Accuracy: 0.772285, Class Accuracy: 0.701291
2021-07-11 12:47:03,830 - Default - INFO - Epoch 174/200:
2021-07-11 12:50:32,540 - Default - INFO - Train Instance Accuracy: 0.992264
2021-07-11 12:50:59,066 - Default - INFO - Test Instance Accuracy: 0.754862, Class Accuracy: 0.690099
2021-07-11 12:50:59,067 - Default - INFO - Best Instance Accuracy: 0.772285, Class Accuracy: 0.701291
2021-07-11 12:50:59,067 - Default - INFO - Epoch 175/200:
2021-07-11 12:54:28,114 - Default - INFO - Train Instance Accuracy: 0.991450
2021-07-11 12:54:55,054 - Default - INFO - Test Instance Accuracy: 0.764992, Class Accuracy: 0.696756
2021-07-11 12:54:55,054 - Default - INFO - Best Instance Accuracy: 0.772285, Class Accuracy: 0.701291
2021-07-11 12:54:55,055 - Default - INFO - Epoch 176/200:
2021-07-11 12:58:24,216 - Default - INFO - Train Instance Accuracy: 0.993384
2021-07-11 12:58:50,972 - Default - INFO - Test Instance Accuracy: 0.760130, Class Accuracy: 0.691593
2021-07-11 12:58:50,973 - Default - INFO - Best Instance Accuracy: 0.772285, Class Accuracy: 0.701291
2021-07-11 12:58:50,973 - Default - INFO - Epoch 177/200:
2021-07-11 13:02:20,058 - Default - INFO - Train Instance Accuracy: 0.993587
2021-07-11 13:02:46,216 - Default - INFO - Test Instance Accuracy: 0.760535, Class Accuracy: 0.694093
2021-07-11 13:02:46,217 - Default - INFO - Best Instance Accuracy: 0.772285, Class Accuracy: 0.701291
2021-07-11 13:02:46,217 - Default - INFO - Epoch 178/200:
2021-07-11 13:06:14,466 - Default - INFO - Train Instance Accuracy: 0.994096
2021-07-11 13:06:41,166 - Default - INFO - Test Instance Accuracy: 0.758509, Class Accuracy: 0.691343
2021-07-11 13:06:41,166 - Default - INFO - Best Instance Accuracy: 0.772285, Class Accuracy: 0.701291
2021-07-11 13:06:41,167 - Default - INFO - Epoch 179/200:
2021-07-11 13:10:10,282 - Default - INFO - Train Instance Accuracy: 0.992773
2021-07-11 13:10:36,980 - Default - INFO - Test Instance Accuracy: 0.764587, Class Accuracy: 0.692587
2021-07-11 13:10:36,981 - Default - INFO - Best Instance Accuracy: 0.772285, Class Accuracy: 0.701291
2021-07-11 13:10:36,981 - Default - INFO - Epoch 180/200:
2021-07-11 13:14:06,270 - Default - INFO - Train Instance Accuracy: 0.992060
2021-07-11 13:14:33,023 - Default - INFO - Saving model at d:/work/PointClassifier/logs/PointCNN_fast_exp/checkpoints/model.t7
2021-07-11 13:14:33,097 - Default - INFO - Test Instance Accuracy: 0.757293, Class Accuracy: 0.687006
2021-07-11 13:14:33,097 - Default - INFO - Best Instance Accuracy: 0.772285, Class Accuracy: 0.701291
2021-07-11 13:14:33,097 - Default - INFO - Epoch 181/200:
2021-07-11 13:18:02,110 - Default - INFO - Train Instance Accuracy: 0.993282
2021-07-11 13:18:28,821 - Default - INFO - Test Instance Accuracy: 0.757293, Class Accuracy: 0.687802
2021-07-11 13:18:28,822 - Default - INFO - Best Instance Accuracy: 0.772285, Class Accuracy: 0.701291
2021-07-11 13:18:28,822 - Default - INFO - Epoch 182/200:
2021-07-11 13:21:57,414 - Default - INFO - Train Instance Accuracy: 0.992467
2021-07-11 13:22:24,120 - Default - INFO - Test Instance Accuracy: 0.757293, Class Accuracy: 0.689390
2021-07-11 13:22:24,121 - Default - INFO - Best Instance Accuracy: 0.772285, Class Accuracy: 0.701291
2021-07-11 13:22:24,121 - Default - INFO - Epoch 183/200:
2021-07-11 13:25:53,286 - Default - INFO - Train Instance Accuracy: 0.992162
2021-07-11 13:26:20,038 - Default - INFO - Test Instance Accuracy: 0.757699, Class Accuracy: 0.687012
2021-07-11 13:26:20,038 - Default - INFO - Best Instance Accuracy: 0.772285, Class Accuracy: 0.701291
2021-07-11 13:26:20,039 - Default - INFO - Epoch 184/200:
2021-07-11 13:29:49,233 - Default - INFO - Train Instance Accuracy: 0.993689
2021-07-11 13:30:16,768 - Default - INFO - Test Instance Accuracy: 0.754052, Class Accuracy: 0.687890
2021-07-11 13:30:16,768 - Default - INFO - Best Instance Accuracy: 0.772285, Class Accuracy: 0.701291
2021-07-11 13:30:16,769 - Default - INFO - Epoch 185/200:
2021-07-11 13:33:45,338 - Default - INFO - Train Instance Accuracy: 0.994707
2021-07-11 13:34:11,964 - Default - INFO - Test Instance Accuracy: 0.756078, Class Accuracy: 0.689552
2021-07-11 13:34:11,964 - Default - INFO - Best Instance Accuracy: 0.772285, Class Accuracy: 0.701291
2021-07-11 13:34:11,965 - Default - INFO - Epoch 186/200:
2021-07-11 13:37:41,309 - Default - INFO - Train Instance Accuracy: 0.992671
2021-07-11 13:38:07,979 - Default - INFO - Test Instance Accuracy: 0.755267, Class Accuracy: 0.685593
2021-07-11 13:38:07,980 - Default - INFO - Best Instance Accuracy: 0.772285, Class Accuracy: 0.701291
2021-07-11 13:38:07,980 - Default - INFO - Epoch 187/200:
2021-07-11 13:41:37,091 - Default - INFO - Train Instance Accuracy: 0.993994
2021-07-11 13:42:04,114 - Default - INFO - Test Instance Accuracy: 0.758104, Class Accuracy: 0.688715
2021-07-11 13:42:04,114 - Default - INFO - Best Instance Accuracy: 0.772285, Class Accuracy: 0.701291
2021-07-11 13:42:04,114 - Default - INFO - Epoch 188/200:
2021-07-11 13:45:32,978 - Default - INFO - Train Instance Accuracy: 0.992366
2021-07-11 13:45:59,680 - Default - INFO - Test Instance Accuracy: 0.752836, Class Accuracy: 0.675802
2021-07-11 13:45:59,680 - Default - INFO - Best Instance Accuracy: 0.772285, Class Accuracy: 0.701291
2021-07-11 13:45:59,680 - Default - INFO - Epoch 189/200:
2021-07-11 13:49:28,488 - Default - INFO - Train Instance Accuracy: 0.992773
2021-07-11 13:49:55,149 - Default - INFO - Test Instance Accuracy: 0.758509, Class Accuracy: 0.689384
2021-07-11 13:49:55,149 - Default - INFO - Best Instance Accuracy: 0.772285, Class Accuracy: 0.701291
2021-07-11 13:49:55,150 - Default - INFO - Epoch 190/200:
2021-07-11 13:53:23,947 - Default - INFO - Train Instance Accuracy: 0.993180
2021-07-11 13:53:50,944 - Default - INFO - Saving model at d:/work/PointClassifier/logs/PointCNN_fast_exp/checkpoints/model.t7
2021-07-11 13:53:51,021 - Default - INFO - Test Instance Accuracy: 0.755673, Class Accuracy: 0.675558
2021-07-11 13:53:51,022 - Default - INFO - Best Instance Accuracy: 0.772285, Class Accuracy: 0.701291
2021-07-11 13:53:51,022 - Default - INFO - Epoch 191/200:
2021-07-11 13:57:20,332 - Default - INFO - Train Instance Accuracy: 0.993893
2021-07-11 13:57:47,088 - Default - INFO - Test Instance Accuracy: 0.758914, Class Accuracy: 0.683221
2021-07-11 13:57:47,089 - Default - INFO - Best Instance Accuracy: 0.772285, Class Accuracy: 0.701291
2021-07-11 13:57:47,089 - Default - INFO - Epoch 192/200:
2021-07-11 14:01:16,277 - Default - INFO - Train Instance Accuracy: 0.991348
2021-07-11 14:01:43,016 - Default - INFO - Test Instance Accuracy: 0.756888, Class Accuracy: 0.694471
2021-07-11 14:01:43,016 - Default - INFO - Best Instance Accuracy: 0.772285, Class Accuracy: 0.701291
2021-07-11 14:01:43,017 - Default - INFO - Epoch 193/200:
2021-07-11 14:05:11,665 - Default - INFO - Train Instance Accuracy: 0.993282
2021-07-11 14:05:38,257 - Default - INFO - Test Instance Accuracy: 0.762156, Class Accuracy: 0.694052
2021-07-11 14:05:38,258 - Default - INFO - Best Instance Accuracy: 0.772285, Class Accuracy: 0.701291
2021-07-11 14:05:38,258 - Default - INFO - Epoch 194/200:
2021-07-11 14:09:06,760 - Default - INFO - Train Instance Accuracy: 0.992162
2021-07-11 14:09:33,520 - Default - INFO - Test Instance Accuracy: 0.756078, Class Accuracy: 0.689221
2021-07-11 14:09:33,521 - Default - INFO - Best Instance Accuracy: 0.772285, Class Accuracy: 0.701291
2021-07-11 14:09:33,521 - Default - INFO - Epoch 195/200:
2021-07-11 14:13:02,724 - Default - INFO - Train Instance Accuracy: 0.992976
2021-07-11 14:13:29,444 - Default - INFO - Test Instance Accuracy: 0.753647, Class Accuracy: 0.680587
2021-07-11 14:13:29,444 - Default - INFO - Best Instance Accuracy: 0.772285, Class Accuracy: 0.701291
2021-07-11 14:13:29,445 - Default - INFO - Epoch 196/200:
2021-07-11 14:16:58,723 - Default - INFO - Train Instance Accuracy: 0.992569
2021-07-11 14:17:25,056 - Default - INFO - Test Instance Accuracy: 0.755267, Class Accuracy: 0.684512
2021-07-11 14:17:25,056 - Default - INFO - Best Instance Accuracy: 0.772285, Class Accuracy: 0.701291
2021-07-11 14:17:25,057 - Default - INFO - Epoch 197/200:
2021-07-11 14:20:53,594 - Default - INFO - Train Instance Accuracy: 0.993791
2021-07-11 14:21:20,259 - Default - INFO - Test Instance Accuracy: 0.758104, Class Accuracy: 0.687140
2021-07-11 14:21:20,259 - Default - INFO - Best Instance Accuracy: 0.772285, Class Accuracy: 0.701291
2021-07-11 14:21:20,260 - Default - INFO - Epoch 198/200:
2021-07-11 14:24:56,741 - Default - INFO - Train Instance Accuracy: 0.993485
2021-07-11 14:25:23,917 - Default - INFO - Test Instance Accuracy: 0.762561, Class Accuracy: 0.695302
2021-07-11 14:25:23,917 - Default - INFO - Best Instance Accuracy: 0.772285, Class Accuracy: 0.701291
2021-07-11 14:25:23,917 - Default - INFO - Epoch 199/200:
2021-07-11 14:28:59,788 - Default - INFO - Train Instance Accuracy: 0.993078
2021-07-11 14:29:27,163 - Default - INFO - Test Instance Accuracy: 0.762156, Class Accuracy: 0.688547
2021-07-11 14:29:27,164 - Default - INFO - Best Instance Accuracy: 0.772285, Class Accuracy: 0.701291
2021-07-11 14:29:27,164 - Default - INFO - Epoch 200/200:
2021-07-11 14:33:01,438 - Default - INFO - Train Instance Accuracy: 0.993282
2021-07-11 14:33:27,754 - Default - INFO - Saving model at d:/work/PointClassifier/logs/PointCNN_fast_exp/checkpoints/model.t7
2021-07-11 14:33:27,842 - Default - INFO - Test Instance Accuracy: 0.762966, Class Accuracy: 0.695628
2021-07-11 14:33:27,843 - Default - INFO - Best Instance Accuracy: 0.772285, Class Accuracy: 0.701291
2021-07-11 14:33:27,843 - Default - INFO - End of training...
