2021-07-12 15:57:19,035 - Default - INFO - PARAMETERS...
2021-07-12 15:57:19,036 - Default - INFO - Namespace(batch_size=32, cuda=True, dataset='modelnet40', dropout=0.5, emb_dims=1024, epochs=250, eval=False, exp_name='dgcnn_exp1', k=20, lr=0.001, model='dgcnn', momentum=0.9, no_cuda=False, num_points=1024, num_workers=8, seed=1, use_sgd=True)
2021-07-12 15:57:19,123 - Default - INFO - Using GPU : 0 from 1 devices
2021-07-12 15:57:26,966 - Default - INFO - No existing model, starting training from scratch...
2021-07-12 15:57:26,966 - Default - INFO - Start training...
2021-07-12 15:57:26,967 - Default - INFO - Epoch 1/250:
2021-07-12 15:58:00,782 - Default - INFO - PARAMETERS...
2021-07-12 15:58:00,783 - Default - INFO - Namespace(batch_size=32, cuda=True, dataset='modelnet40', dropout=0.5, emb_dims=1024, epochs=250, eval=False, exp_name='dgcnn_exp1', k=20, lr=0.001, model='dgcnn', momentum=0.9, no_cuda=False, num_points=1024, num_workers=8, seed=1, use_sgd=True)
2021-07-12 15:58:00,786 - Default - INFO - Using GPU : 0 from 1 devices
2021-07-12 15:58:04,244 - Default - INFO - No existing model, starting training from scratch...
2021-07-12 15:58:04,244 - Default - INFO - Start training...
2021-07-12 15:58:04,244 - Default - INFO - Epoch 1/250:
2021-07-12 15:59:00,195 - Default - INFO - PARAMETERS...
2021-07-12 15:59:00,196 - Default - INFO - Namespace(batch_size=32, cuda=True, dataset='modelnet40', dropout=0.5, emb_dims=1024, epochs=250, eval=False, exp_name='dgcnn_exp1', k=20, lr=0.001, model='dgcnn', momentum=0.9, no_cuda=False, num_points=1024, num_workers=8, seed=1, use_sgd=True)
2021-07-12 15:59:00,198 - Default - INFO - Using GPU : 0 from 1 devices
2021-07-12 15:59:03,586 - Default - INFO - No existing model, starting training from scratch...
2021-07-12 15:59:03,586 - Default - INFO - Start training...
2021-07-12 15:59:03,586 - Default - INFO - Epoch 1/250:
2021-07-12 16:00:01,875 - Default - INFO - PARAMETERS...
2021-07-12 16:00:01,875 - Default - INFO - Namespace(batch_size=32, cuda=True, dataset='modelnet40', dropout=0.5, emb_dims=1024, epochs=250, eval=False, exp_name='dgcnn_exp1', k=20, lr=0.001, model='dgcnn', momentum=0.9, no_cuda=False, num_points=1024, num_workers=8, seed=1, use_sgd=True)
2021-07-12 16:00:01,878 - Default - INFO - Using GPU : 0 from 1 devices
2021-07-12 16:00:05,158 - Default - INFO - No existing model, starting training from scratch...
2021-07-12 16:00:05,159 - Default - INFO - Start training...
2021-07-12 16:00:05,159 - Default - INFO - Epoch 1/250:
2021-07-12 16:01:12,155 - Default - INFO - PARAMETERS...
2021-07-12 16:01:12,155 - Default - INFO - Namespace(batch_size=32, cuda=True, dataset='modelnet40', dropout=0.5, emb_dims=1024, epochs=250, eval=False, exp_name='dgcnn_exp1', k=20, lr=0.001, model='dgcnn', momentum=0.9, no_cuda=False, num_points=1024, num_workers=8, seed=1, use_sgd=True)
2021-07-12 16:01:12,157 - Default - INFO - Using GPU : 0 from 1 devices
2021-07-12 16:01:15,364 - Default - INFO - No existing model, starting training from scratch...
2021-07-12 16:01:15,365 - Default - INFO - Start training...
2021-07-12 16:01:15,365 - Default - INFO - Epoch 1/250:
